E:\PORALEKHA\পড়ালেখা\1.2\SDLAB\IGRAPHICSULTIMATE-20180529T153045Z-001\IGRAPHICSULTIMATE\IGRAPHICS PROJECT\DEBUG\IGRAPHICS PROJECT.EXE
E:\PORALEKHA\পড়ালেখা\1.2\SDLAB\IGRAPHICSULTIMATE-20180529T153045Z-001\IGRAPHICSULTIMATE\IGRAPHICS PROJECT\DEBUG\IGRAPHICS PROJECT.ILK
E:\PORALEKHA\পড়ালেখা\1.2\SDLAB\IGRAPHICSULTIMATE-20180529T153045Z-001\IGRAPHICSULTIMATE\IGRAPHICS PROJECT\DEBUG\IGRAPHICS PROJECT.PDB
E:\poralekha\পড়ালেখা\1.2\sdLab\iGraphicsUltimate-20180529T153045Z-001\iGraphicsUltimate\iGraphics Project\iGraphics Project\Debug\cl.command.1.tlog
E:\poralekha\পড়ালেখা\1.2\sdLab\iGraphicsUltimate-20180529T153045Z-001\iGraphicsUltimate\iGraphics Project\iGraphics Project\Debug\CL.read.1.tlog
E:\poralekha\পড়ালেখা\1.2\sdLab\iGraphicsUltimate-20180529T153045Z-001\iGraphicsUltimate\iGraphics Project\iGraphics Project\Debug\CL.write.1.tlog
E:\PORALEKHA\পড়ালেখা\1.2\SDLAB\IGRAPHICSULTIMATE-20180529T153045Z-001\IGRAPHICSULTIMATE\IGRAPHICS PROJECT\IGRAPHICS PROJECT\DEBUG\IGRAPHICS PROJECT.EXE.INTERMEDIATE.MANIFEST
E:\poralekha\পড়ালেখা\1.2\sdLab\iGraphicsUltimate-20180529T153045Z-001\iGraphicsUltimate\iGraphics Project\iGraphics Project\Debug\iGraphics Project.exe.intermediate.manifest.xml
E:\poralekha\পড়ালেখা\1.2\sdLab\iGraphicsUltimate-20180529T153045Z-001\iGraphicsUltimate\iGraphics Project\iGraphics Project\Debug\iGraphics Project.vcxprojResolveAssemblyReference.cache
E:\poralekha\পড়ালেখা\1.2\sdLab\iGraphicsUltimate-20180529T153045Z-001\iGraphicsUltimate\iGraphics Project\iGraphics Project\Debug\iGraphics Project.write.1.tlog
E:\PORALEKHA\পড়ালেখা\1.2\SDLAB\IGRAPHICSULTIMATE-20180529T153045Z-001\IGRAPHICSULTIMATE\IGRAPHICS PROJECT\IGRAPHICS PROJECT\DEBUG\IMAGEDEMO.OBJ
E:\PORALEKHA\পড়ালেখা\1.2\SDLAB\IGRAPHICSULTIMATE-20180529T153045Z-001\IGRAPHICSULTIMATE\IGRAPHICS PROJECT\IGRAPHICS PROJECT\DEBUG\IMAIN.OBJ
E:\poralekha\পড়ালেখা\1.2\sdLab\iGraphicsUltimate-20180529T153045Z-001\iGraphicsUltimate\iGraphics Project\iGraphics Project\Debug\link.command.1.tlog
E:\poralekha\পড়ালেখা\1.2\sdLab\iGraphicsUltimate-20180529T153045Z-001\iGraphicsUltimate\iGraphics Project\iGraphics Project\Debug\link.read.1.tlog
E:\poralekha\পড়ালেখা\1.2\sdLab\iGraphicsUltimate-20180529T153045Z-001\iGraphicsUltimate\iGraphics Project\iGraphics Project\Debug\link.write.1.tlog
E:\poralekha\পড়ালেখা\1.2\sdLab\iGraphicsUltimate-20180529T153045Z-001\iGraphicsUltimate\iGraphics Project\iGraphics Project\Debug\mt.command.1.tlog
E:\poralekha\পড়ালেখা\1.2\sdLab\iGraphicsUltimate-20180529T153045Z-001\iGraphicsUltimate\iGraphics Project\iGraphics Project\Debug\mt.read.1.tlog
E:\poralekha\পড়ালেখা\1.2\sdLab\iGraphicsUltimate-20180529T153045Z-001\iGraphicsUltimate\iGraphics Project\iGraphics Project\Debug\mt.write.1.tlog
E:\PORALEKHA\পড়ালেখা\1.2\SDLAB\IGRAPHICSULTIMATE-20180529T153045Z-001\IGRAPHICSULTIMATE\IGRAPHICS PROJECT\IGRAPHICS PROJECT\DEBUG\TEXTINPUTDEMO.OBJ
E:\poralekha\পড়ালেখা\1.2\sdLab\iGraphicsUltimate-20180529T153045Z-001\iGraphicsUltimate\iGraphics Project\iGraphics Project\Debug\vc100.idb
E:\PORALEKHA\পড়ালেখা\1.2\SDLAB\IGRAPHICSULTIMATE-20180529T153045Z-001\IGRAPHICSULTIMATE\IGRAPHICS PROJECT\IGRAPHICS PROJECT\DEBUG\VC100.PDB
F:\SOFTWAR-1 LAB(1200)\IGRAPHICSULTIMATE-20180522T211914Z-001\IGRAPHICSULTIMATE\IGRAPHICS PROJECT\DEBUG\IGRAPHICS PROJECT.EXE
F:\SOFTWAR-1 LAB(1200)\IGRAPHICSULTIMATE-20180522T211914Z-001\IGRAPHICSULTIMATE\IGRAPHICS PROJECT\DEBUG\IGRAPHICS PROJECT.ILK
F:\SOFTWAR-1 LAB(1200)\IGRAPHICSULTIMATE-20180522T211914Z-001\IGRAPHICSULTIMATE\IGRAPHICS PROJECT\DEBUG\IGRAPHICS PROJECT.PDB
F:\SOFTWAR-1 LAB(1200)\IGRAPHICSULTIMATE-20180522T211914Z-001\IGRAPHICSULTIMATE\IGRAPHICS PROJECT\IGRAPHICS PROJECT\DEBUG\IGRAPHICS PROJECT.EXE.INTERMEDIATE.MANIFEST
F:\SOFTWAR-1 LAB(1200)\IGRAPHICSULTIMATE-20180522T211914Z-001\IGRAPHICSULTIMATE\IGRAPHICS PROJECT\IGRAPHICS PROJECT\DEBUG\IMAIN.OBJ
F:\SOFTWAR-1 LAB(1200)\IGRAPHICSULTIMATE-20180522T211914Z-001\IGRAPHICSULTIMATE\IGRAPHICS PROJECT\IGRAPHICS PROJECT\DEBUG\VC100.PDB
